# JRE version: Java(TM) SE Runtime Environment (8.0_221-b11) (build 1.8.0_221-b11)
# Java VM: Java HotSpot(TM) 64-Bit Server VM (25.221-b11 mixed mode windows-amd64 compressed oops)
Heap:
 PSYoungGen      total 146432K, used 24206K [0x00000000d5900000, 0x00000000df700000, 0x0000000100000000)
  eden space 132608K, 14% used [0x00000000d5900000,0x00000000d6b2b918,0x00000000dda80000)
  from space 13824K, 40% used [0x00000000de880000,0x00000000dedf8050,0x00000000df600000)
  to   space 14336K, 0% used [0x00000000dda80000,0x00000000dda80000,0x00000000de880000)
 ParOldGen       total 87552K, used 24146K [0x0000000080a00000, 0x0000000085f80000, 0x00000000d5900000)
  object space 87552K, 27% used [0x0000000080a00000,0x0000000082194ae0,0x0000000085f80000)
 Metaspace       used 20607K, capacity 20846K, committed 20864K, reserved 1067008K
  class space    used 2619K, capacity 2677K, committed 2688K, reserved 1048576K
GC Heap History (10 events):
Event: 0.653 GC heap before
{Heap before GC invocations=2 (full 0):
 PSYoungGen      total 38400K, used 38399K [0x00000000d5900000, 0x00000000d8380000, 0x0000000100000000)
  eden space 33280K, 100% used [0x00000000d5900000,0x00000000d7980000,0x00000000d7980000)
  from space 5120K, 99% used [0x00000000d7980000,0x00000000d7e7ff78,0x00000000d7e80000)
  to   space 5120K, 0% used [0x00000000d7e80000,0x00000000d7e80000,0x00000000d8380000)
 ParOldGen       total 87552K, used 987K [0x0000000080a00000, 0x0000000085f80000, 0x00000000d5900000)
  object space 87552K, 1% used [0x0000000080a00000,0x0000000080af6ed0,0x0000000085f80000)
 Metaspace       used 9001K, capacity 9102K, committed 9216K, reserved 1056768K
  class space    used 1112K, capacity 1173K, committed 1280K, reserved 1048576K
Event: 0.658 GC heap after
Heap after GC invocations=2 (full 0):
 PSYoungGen      total 38400K, used 5111K [0x00000000d5900000, 0x00000000da400000, 0x0000000100000000)
  eden space 33280K, 0% used [0x00000000d5900000,0x00000000d5900000,0x00000000d7980000)
  from space 5120K, 99% used [0x00000000d7e80000,0x00000000d837ddc0,0x00000000d8380000)
  to   space 5120K, 0% used [0x00000000d7980000,0x00000000d7980000,0x00000000d7e80000)
 ParOldGen       total 87552K, used 6516K [0x0000000080a00000, 0x0000000085f80000, 0x00000000d5900000)
  object space 87552K, 7% used [0x0000000080a00000,0x000000008105d2d0,0x0000000085f80000)
 Metaspace       used 9001K, capacity 9102K, committed 9216K, reserved 1056768K
  class space    used 1112K, capacity 1173K, committed 1280K, reserved 1048576K
}
Event: 0.881 GC heap before
{Heap before GC invocations=3 (full 0):
 PSYoungGen      total 38400K, used 38391K [0x00000000d5900000, 0x00000000da400000, 0x0000000100000000)
  eden space 33280K, 100% used [0x00000000d5900000,0x00000000d7980000,0x00000000d7980000)
  from space 5120K, 99% used [0x00000000d7e80000,0x00000000d837ddc0,0x00000000d8380000)
  to   space 5120K, 0% used [0x00000000d7980000,0x00000000d7980000,0x00000000d7e80000)
 ParOldGen       total 87552K, used 6516K [0x0000000080a00000, 0x0000000085f80000, 0x00000000d5900000)
  object space 87552K, 7% used [0x0000000080a00000,0x000000008105d2d0,0x0000000085f80000)
 Metaspace       used 12005K, capacity 12120K, committed 12416K, reserved 1060864K
  class space    used 1558K, capacity 1596K, committed 1664K, reserved 1048576K
Event: 0.887 GC heap after
Heap after GC invocations=3 (full 0):
 PSYoungGen      total 38400K, used 5088K [0x00000000d5900000, 0x00000000da400000, 0x0000000100000000)
  eden space 33280K, 0% used [0x00000000d5900000,0x00000000d5900000,0x00000000d7980000)
  from space 5120K, 99% used [0x00000000d7980000,0x00000000d7e78010,0x00000000d7e80000)
  to   space 5120K, 0% used [0x00000000d9f00000,0x00000000d9f00000,0x00000000da400000)
 ParOldGen       total 87552K, used 12257K [0x0000000080a00000, 0x0000000085f80000, 0x00000000d5900000)
  object space 87552K, 14% used [0x0000000080a00000,0x00000000815f8630,0x0000000085f80000)
 Metaspace       used 12005K, capacity 12120K, committed 12416K, reserved 1060864K
  class space    used 1558K, capacity 1596K, committed 1664K, reserved 1048576K
}
Event: 1.196 GC heap before
{Heap before GC invocations=4 (full 0):
 PSYoungGen      total 38400K, used 38368K [0x00000000d5900000, 0x00000000da400000, 0x0000000100000000)
  eden space 33280K, 100% used [0x00000000d5900000,0x00000000d7980000,0x00000000d7980000)
  from space 5120K, 99% used [0x00000000d7980000,0x00000000d7e78010,0x00000000d7e80000)
  to   space 5120K, 0% used [0x00000000d9f00000,0x00000000d9f00000,0x00000000da400000)
 ParOldGen       total 87552K, used 12257K [0x0000000080a00000, 0x0000000085f80000, 0x00000000d5900000)
  object space 87552K, 14% used [0x0000000080a00000,0x00000000815f8630,0x0000000085f80000)
 Metaspace       used 16212K, capacity 16342K, committed 16640K, reserved 1062912K
  class space    used 2161K, capacity 2209K, committed 2304K, reserved 1048576K
Event: 1.204 GC heap after
Heap after GC invocations=4 (full 0):
 PSYoungGen      total 71680K, used 5104K [0x00000000d5900000, 0x00000000da400000, 0x0000000100000000)
  eden space 66560K, 0% used [0x00000000d5900000,0x00000000d5900000,0x00000000d9a00000)
  from space 5120K, 99% used [0x00000000d9f00000,0x00000000da3fc030,0x00000000da400000)
  to   space 5120K, 0% used [0x00000000d9a00000,0x00000000d9a00000,0x00000000d9f00000)
 ParOldGen       total 87552K, used 18787K [0x0000000080a00000, 0x0000000085f80000, 0x00000000d5900000)
  object space 87552K, 21% used [0x0000000080a00000,0x0000000081c58f80,0x0000000085f80000)
 Metaspace       used 16212K, capacity 16342K, committed 16640K, reserved 1062912K
  class space    used 2161K, capacity 2209K, committed 2304K, reserved 1048576K
}
Event: 1.985 GC heap before
{Heap before GC invocations=5 (full 0):
 PSYoungGen      total 71680K, used 71664K [0x00000000d5900000, 0x00000000da400000, 0x0000000100000000)
  eden space 66560K, 100% used [0x00000000d5900000,0x00000000d9a00000,0x00000000d9a00000)
  from space 5120K, 99% used [0x00000000d9f00000,0x00000000da3fc030,0x00000000da400000)
  to   space 5120K, 0% used [0x00000000d9a00000,0x00000000d9a00000,0x00000000d9f00000)
 ParOldGen       total 87552K, used 18787K [0x0000000080a00000, 0x0000000085f80000, 0x00000000d5900000)
  object space 87552K, 21% used [0x0000000080a00000,0x0000000081c58f80,0x0000000085f80000)
 Metaspace       used 19286K, capacity 19514K, committed 19840K, reserved 1067008K
  class space    used 2499K, capacity 2567K, committed 2688K, reserved 1048576K
Event: 1.996 GC heap after
Heap after GC invocations=5 (full 0):
 PSYoungGen      total 71680K, used 5088K [0x00000000d5900000, 0x00000000df600000, 0x0000000100000000)
  eden space 66560K, 0% used [0x00000000d5900000,0x00000000d5900000,0x00000000d9a00000)
  from space 5120K, 99% used [0x00000000d9a00000,0x00000000d9ef8050,0x00000000d9f00000)
  to   space 13824K, 0% used [0x00000000de880000,0x00000000de880000,0x00000000df600000)
 ParOldGen       total 87552K, used 24138K [0x0000000080a00000, 0x0000000085f80000, 0x00000000d5900000)
  object space 87552K, 27% used [0x0000000080a00000,0x0000000082192ae0,0x0000000085f80000)
 Metaspace       used 19286K, capacity 19514K, committed 19840K, reserved 1067008K
  class space    used 2499K, capacity 2567K, committed 2688K, reserved 1048576K
}
Event: 2.379 GC heap before
{Heap before GC invocations=6 (full 0):
 PSYoungGen      total 71680K, used 71648K [0x00000000d5900000, 0x00000000df600000, 0x0000000100000000)
  eden space 66560K, 100% used [0x00000000d5900000,0x00000000d9a00000,0x00000000d9a00000)
  from space 5120K, 99% used [0x00000000d9a00000,0x00000000d9ef8050,0x00000000d9f00000)
  to   space 13824K, 0% used [0x00000000de880000,0x00000000de880000,0x00000000df600000)
 ParOldGen       total 87552K, used 24138K [0x0000000080a00000, 0x0000000085f80000, 0x00000000d5900000)
  object space 87552K, 27% used [0x0000000080a00000,0x0000000082192ae0,0x0000000085f80000)
 Metaspace       used 19617K, capacity 19894K, committed 20096K, reserved 1067008K
  class space    used 2509K, capacity 2577K, committed 2688K, reserved 1048576K
Event: 2.391 GC heap after
Heap after GC invocations=6 (full 0):
 PSYoungGen      total 146432K, used 5600K [0x00000000d5900000, 0x00000000df700000, 0x0000000100000000)
  eden space 132608K, 0% used [0x00000000d5900000,0x00000000d5900000,0x00000000dda80000)
  from space 13824K, 40% used [0x00000000de880000,0x00000000dedf8050,0x00000000df600000)
  to   space 14336K, 0% used [0x00000000dda80000,0x00000000dda80000,0x00000000de880000)
 ParOldGen       total 87552K, used 24146K [0x0000000080a00000, 0x0000000085f80000, 0x00000000d5900000)
  object space 87552K, 27% used [0x0000000080a00000,0x0000000082194ae0,0x0000000085f80000)
 Metaspace       used 19617K, capacity 19894K, committed 20096K, reserved 1067008K
  class space    used 2509K, capacity 2577K, committed 2688K, reserved 1048576K
}

